[2026-02-19T10:43:51.086Z] [Auth Debug] Login attempt for: gokul.cs23@bitsathy.ac.in
[2026-02-19T10:43:51.109Z] [Auth Debug] Admin lookup result: Not Found
[2026-02-19T10:43:51.132Z] [Auth Debug] User lookup result: Found
[2026-02-19T10:43:51.370Z] [Auth Debug] Password matched for: gokul.cs23@bitsathy.ac.in
[2026-02-19T10:43:51.373Z] [Auth Debug] Starting gamification logic...
[2026-02-19T10:43:51.398Z] [Auth Debug] Streak updated and saved. AwardXP: false
[2026-02-19T10:43:51.405Z] [Auth Debug] Logging audit...
[2026-02-19T10:43:51.447Z] [Auth Debug] Sending response...
[2026-02-19T10:44:29.703Z] [Auth Debug] Login attempt for: one@bitsathy.ac.in
[2026-02-19T10:44:29.709Z] [Auth Debug] Admin lookup result: Not Found
[2026-02-19T10:44:29.717Z] [Auth Debug] User lookup result: Found
[2026-02-19T10:44:29.932Z] [Auth Debug] Password matched for: one@bitsathy.ac.in
[2026-02-19T10:44:29.936Z] [Auth Debug] Starting gamification logic...
[2026-02-19T10:44:29.958Z] [Auth Debug] Streak updated and saved. AwardXP: true
[2026-02-19T10:44:29.980Z] [Auth Debug] Logging audit...
[2026-02-19T10:44:29.995Z] [Auth Debug] Sending response...
[2026-02-19T16:35:50.752Z] [Auth Debug] Login attempt for: cheran.it23@bitsathy.ac.in
[2026-02-19T16:35:50.769Z] [Auth Debug] Admin lookup result: Not Found
[2026-02-19T16:35:50.809Z] [Auth Debug] User lookup result: Found
[2026-02-19T16:35:51.077Z] [Auth Debug] Password matched for: cheran.it23@bitsathy.ac.in
[2026-02-19T16:35:51.082Z] [Auth Debug] Starting gamification logic...
[2026-02-19T16:35:51.113Z] [Auth Debug] Streak updated and saved. AwardXP: true
[2026-02-19T16:35:51.147Z] [Auth Debug] Logging audit...
[2026-02-19T16:35:51.205Z] [Auth Debug] Sending response...
[2026-02-20T03:21:48.389Z] [Auth Debug] Login attempt for: naveena.faculty@bitsathy.ac.in
[2026-02-20T03:21:48.397Z] [Auth Debug] Admin lookup result: Not Found
[2026-02-20T03:21:48.403Z] [Auth Debug] User lookup result: Found
[2026-02-20T03:21:48.529Z] [Auth Debug] Password matched for: naveena.faculty@bitsathy.ac.in
[2026-02-20T03:21:48.532Z] [Auth Debug] Starting gamification logic...
[2026-02-20T03:21:48.545Z] [Auth Debug] Streak updated and saved. AwardXP: true
[2026-02-20T03:21:48.557Z] [Auth Debug] Logging audit...
[2026-02-20T03:21:48.564Z] [Auth Debug] Sending response...
[2026-02-20T03:50:28.610Z] [Auth Debug] Login attempt for: cheran@it23
[2026-02-20T03:50:28.624Z] [Auth Debug] Admin lookup result: Found
[2026-02-20T03:50:29.188Z] [Auth Debug] Password matched for: cheran@it23
[2026-02-20T03:50:29.198Z] [Auth Debug] Starting gamification logic...
[2026-02-20T03:50:29.204Z] [Auth Debug] Skipping gamification for Admin role.
[2026-02-20T03:50:29.218Z] [Auth Debug] Logging audit...
[2026-02-20T03:50:29.371Z] [Auth Debug] Sending response...
[2026-02-20T04:16:54.559Z] [Auth Debug] Login attempt for: cheran@it23
[2026-02-20T04:16:56.476Z] [Auth Debug] Admin lookup result: Found
[2026-02-20T04:16:56.987Z] [Auth Debug] Password matched for: cheran@it23
[2026-02-20T04:16:56.993Z] [Auth Debug] Starting gamification logic...
[2026-02-20T04:16:56.997Z] [Auth Debug] Skipping gamification for Admin role.
[2026-02-20T04:16:57.009Z] [Auth Debug] Logging audit...
[2026-02-20T04:16:57.779Z] [Auth Debug] Sending response...
[2026-02-20T04:28:01.809Z] [Auth Debug] Login attempt for: cheran@it23
[2026-02-20T04:28:01.905Z] [Auth Debug] Admin lookup result: Found
[2026-02-20T04:28:02.449Z] [Auth Debug] Password matched for: cheran@it23
[2026-02-20T04:28:02.454Z] [Auth Debug] Starting gamification logic...
[2026-02-20T04:28:02.457Z] [Auth Debug] Skipping gamification for Admin role.
[2026-02-20T04:28:02.465Z] [Auth Debug] Logging audit...
[2026-02-20T04:28:02.983Z] [Auth Debug] Sending response...
[2026-02-20T05:32:47.415Z] [Auth Debug] Login attempt for: cheran.it23@bitsathy.ac.in
[2026-02-20T05:32:47.494Z] [Auth Debug] Admin lookup result: Not Found
[2026-02-20T05:32:47.556Z] [Auth Debug] User lookup result: Found
[2026-02-20T05:32:47.758Z] [Auth Debug] login failed: Invalid email or password
[2026-02-20T05:32:50.123Z] [Auth Debug] Login attempt for: cheran.it23@bitsathy.ac.in
[2026-02-20T05:32:50.211Z] [Auth Debug] Admin lookup result: Not Found
[2026-02-20T05:32:50.271Z] [Auth Debug] User lookup result: Found
[2026-02-20T05:32:50.481Z] [Auth Debug] Password matched for: cheran.it23@bitsathy.ac.in
[2026-02-20T05:32:50.485Z] [Auth Debug] Starting gamification logic...
[2026-02-20T05:32:50.596Z] [Auth Debug] Streak updated and saved. AwardXP: true
[2026-02-20T05:32:50.755Z] [Auth Debug] Logging audit...
[2026-02-20T05:32:50.850Z] [Auth Debug] Sending response...
[2026-02-20T06:13:16.287Z] [Auth Debug] Login attempt for: cheran@it23
[2026-02-20T06:13:16.362Z] [Auth Debug] Admin lookup result: Found
[2026-02-20T06:13:16.737Z] [Auth Debug] Password matched for: cheran@it23
[2026-02-20T06:13:16.758Z] [Auth Debug] Starting gamification logic...
[2026-02-20T06:13:16.787Z] [Auth Debug] Skipping gamification for Admin role.
[2026-02-20T06:13:16.800Z] [Auth Debug] Logging audit...
[2026-02-20T06:13:16.914Z] [Auth Debug] Sending response...
[2026-02-20T06:29:09.212Z] [Auth Debug] Login attempt for: naveena.faculty@bitsathy.ac.in
[2026-02-20T06:29:09.273Z] [Auth Debug] Admin lookup result: Not Found
[2026-02-20T06:29:09.326Z] [Auth Debug] User lookup result: Found
[2026-02-20T06:29:09.652Z] [Auth Debug] Password matched for: naveena.faculty@bitsathy.ac.in
[2026-02-20T06:29:09.659Z] [Auth Debug] Starting gamification logic...
[2026-02-20T06:29:09.741Z] [Auth Debug] Streak updated and saved. AwardXP: false
[2026-02-20T06:29:09.744Z] [Auth Debug] Logging audit...
[2026-02-20T06:29:09.833Z] [Auth Debug] Sending response...
[2026-02-20T10:08:43.390Z] [Auth Debug] Login attempt for: cheran.it23@bitsathy.ac.in
[2026-02-20T10:08:44.248Z] [Auth Debug] Admin lookup result: Not Found
[2026-02-20T10:08:44.610Z] [Auth Debug] User lookup result: Found
[2026-02-20T10:08:47.118Z] [Auth Debug] Password matched for: cheran.it23@bitsathy.ac.in
[2026-02-20T10:08:47.146Z] [Auth Debug] Starting gamification logic...
[2026-02-20T10:08:47.324Z] [Auth Debug] Streak updated and saved. AwardXP: false
[2026-02-20T10:08:47.360Z] [Auth Debug] Logging audit...
[2026-02-20T10:08:47.609Z] [Auth Debug] Sending response...
[2026-02-20T10:09:10.235Z] [Auth Debug] Login attempt for: cheran.it23@bitsathy.ac.in
[2026-02-20T10:09:10.305Z] [Auth Debug] Admin lookup result: Not Found
[2026-02-20T10:09:10.375Z] [Auth Debug] User lookup result: Found
[2026-02-20T10:09:10.618Z] [Auth Debug] Password matched for: cheran.it23@bitsathy.ac.in
[2026-02-20T10:09:10.623Z] [Auth Debug] Starting gamification logic...
[2026-02-20T10:09:10.696Z] [Auth Debug] Streak updated and saved. AwardXP: false
[2026-02-20T10:09:10.704Z] [Auth Debug] Logging audit...
[2026-02-20T10:09:10.777Z] [Auth Debug] Sending response...
[2026-02-20T10:24:59.231Z] [Auth Debug] Login attempt for: naveena.faculty@bitsathy.ac.in
[2026-02-20T10:24:59.294Z] [Auth Debug] Admin lookup result: Not Found
[2026-02-20T10:24:59.363Z] [Auth Debug] User lookup result: Found
[2026-02-20T10:24:59.564Z] [Auth Debug] Password matched for: naveena.faculty@bitsathy.ac.in
[2026-02-20T10:24:59.570Z] [Auth Debug] Starting gamification logic...
[2026-02-20T10:24:59.655Z] [Auth Debug] Streak updated and saved. AwardXP: false
[2026-02-20T10:24:59.659Z] [Auth Debug] Logging audit...
[2026-02-20T10:24:59.755Z] [Auth Debug] Sending response...
[2026-02-21T04:45:53.497Z] [Auth Debug] Login attempt for: cheran@it23
[2026-02-21T04:45:53.555Z] [Auth Debug] Admin lookup result: Found
[2026-02-21T04:45:53.761Z] [Auth Debug] Password matched for: cheran@it23
[2026-02-21T04:45:53.765Z] [Auth Debug] Starting gamification logic...
[2026-02-21T04:45:53.768Z] [Auth Debug] Skipping gamification for Admin role.
[2026-02-21T04:45:53.771Z] [Auth Debug] Logging audit...
[2026-02-21T04:45:53.860Z] [Auth Debug] Sending response...
[2026-02-21T10:18:06.356Z] [Auth Debug] Login attempt for: naveena.faculty@bitsathy.ac.in
[2026-02-21T10:18:06.435Z] [Auth Debug] Admin lookup result: Not Found
[2026-02-21T10:18:06.512Z] [Auth Debug] User lookup result: Found
[2026-02-21T10:18:06.723Z] [Auth Debug] Password matched for: naveena.faculty@bitsathy.ac.in
[2026-02-21T10:18:06.731Z] [Auth Debug] Starting gamification logic...
[2026-02-21T10:18:06.821Z] [Auth Debug] Streak updated and saved. AwardXP: false
[2026-02-21T10:18:06.826Z] [Auth Debug] Logging audit...
[2026-02-21T10:18:06.931Z] [Auth Debug] Sending response...
[2026-02-21T10:23:42.749Z] [Auth Debug] Login attempt for: cheran.it23@bitsathy.ac.in
[2026-02-21T10:23:42.820Z] [Auth Debug] Admin lookup result: Not Found
[2026-02-21T10:23:42.897Z] [Auth Debug] User lookup result: Found
[2026-02-21T10:23:43.113Z] [Auth Debug] Password matched for: cheran.it23@bitsathy.ac.in
[2026-02-21T10:23:43.116Z] [Auth Debug] Starting gamification logic...
[2026-02-21T10:23:43.180Z] [Auth Debug] Streak updated and saved. AwardXP: false
[2026-02-21T10:23:43.184Z] [Auth Debug] Logging audit...
[2026-02-21T10:23:43.307Z] [Auth Debug] Sending response...
[2026-02-23T03:31:09.639Z] [Auth Debug] Login attempt for: cheran.it23@bitsathy.ac.in
[2026-02-23T03:31:09.740Z] [Auth Debug] Admin lookup result: Not Found
[2026-02-23T03:31:09.882Z] [Auth Debug] User lookup result: Found
[2026-02-23T03:31:10.109Z] [Auth Debug] Password matched for: cheran.it23@bitsathy.ac.in
[2026-02-23T03:31:10.114Z] [Auth Debug] Starting gamification logic...
[2026-02-23T03:31:10.205Z] [Auth Debug] Streak updated and saved. AwardXP: true
[2026-02-23T03:31:10.361Z] [Auth Debug] Logging audit...
[2026-02-23T03:31:10.467Z] [Auth Debug] Sending response...
[2026-02-23T04:44:29.590Z] [Auth Debug] Login attempt for: cheran@it23
[2026-02-23T04:44:29.705Z] [Auth Debug] Admin lookup result: Found
[2026-02-23T04:44:30.106Z] [Auth Debug] Password matched for: cheran@it23
[2026-02-23T04:44:30.111Z] [Auth Debug] Starting gamification logic...
[2026-02-23T04:44:30.124Z] [Auth Debug] Skipping gamification for Admin role.
[2026-02-23T04:44:30.137Z] [Auth Debug] Logging audit...
[2026-02-23T04:44:30.586Z] [Auth Debug] Sending response...
[2026-02-23T05:15:40.340Z] [Auth Debug] Login attempt for: cheran.it23@bitsathy.ac.in
[2026-02-23T05:15:40.395Z] [Auth Debug] Admin lookup result: Not Found
[2026-02-23T05:15:40.440Z] [Auth Debug] User lookup result: Found
[2026-02-23T05:15:40.443Z] [Auth Debug] Login restricted for: cheran.it23@bitsathy.ac.in
[2026-02-23T05:15:52.509Z] [Auth Debug] Login attempt for: cheran.it23@bitsathy.ac.in
[2026-02-23T05:15:52.558Z] [Auth Debug] Admin lookup result: Not Found
[2026-02-23T05:15:52.608Z] [Auth Debug] User lookup result: Found
[2026-02-23T05:15:52.839Z] [Auth Debug] Password matched for: cheran.it23@bitsathy.ac.in
[2026-02-23T05:15:52.844Z] [Auth Debug] Starting gamification logic...
[2026-02-23T05:15:52.900Z] [Auth Debug] Streak updated and saved. AwardXP: false
[2026-02-23T05:15:52.907Z] [Auth Debug] Logging audit...
[2026-02-23T05:15:52.989Z] [Auth Debug] Sending response...
[2026-02-23T05:23:34.948Z] [Auth Debug] Login attempt for: cheran.it23@bitsathy.ac.in
[2026-02-23T05:23:34.998Z] [Auth Debug] Admin lookup result: Not Found
[2026-02-23T05:23:35.047Z] [Auth Debug] User lookup result: Found
[2026-02-23T05:23:35.050Z] [Auth Debug] Login restricted for: cheran.it23@bitsathy.ac.in
[2026-02-23T05:32:14.341Z] [Auth Debug] Login attempt for: cheran.it23@bitsathy.ac.in
[2026-02-23T05:32:14.400Z] [Auth Debug] Admin lookup result: Not Found
[2026-02-23T05:32:14.480Z] [Auth Debug] User lookup result: Found
[2026-02-23T05:32:14.688Z] [Auth Debug] Password matched for: cheran.it23@bitsathy.ac.in
[2026-02-23T05:32:14.691Z] [Auth Debug] Starting gamification logic...
[2026-02-23T05:32:14.951Z] [Auth Debug] Streak updated and saved. AwardXP: false
[2026-02-23T05:32:14.953Z] [Auth Debug] Logging audit...
[2026-02-23T05:32:15.189Z] [Auth Debug] Sending response...
[2026-02-23T06:16:18.078Z] [Auth Debug] Login attempt for: cheran.it23@bitsathy.ac.in
[2026-02-23T06:16:18.136Z] [Auth Debug] Admin lookup result: Not Found
[2026-02-23T06:16:18.201Z] [Auth Debug] User lookup result: Found
[2026-02-23T06:16:18.431Z] [Auth Debug] Password matched for: cheran.it23@bitsathy.ac.in
[2026-02-23T06:16:18.437Z] [Auth Debug] Starting gamification logic...
[2026-02-23T06:16:18.529Z] [Auth Debug] Streak updated and saved. AwardXP: false
[2026-02-23T06:16:18.532Z] [Auth Debug] Logging audit...
[2026-02-23T06:16:18.628Z] [Auth Debug] Sending response...
[2026-02-23T08:14:35.720Z] [Auth Debug] Login attempt for: cheran@it23
[2026-02-23T08:14:35.790Z] [Auth Debug] Admin lookup result: Found
[2026-02-23T08:14:36.001Z] [Auth Debug] Password matched for: cheran@it23
[2026-02-23T08:14:36.005Z] [Auth Debug] Starting gamification logic...
[2026-02-23T08:14:36.009Z] [Auth Debug] Skipping gamification for Admin role.
[2026-02-23T08:14:36.013Z] [Auth Debug] Logging audit...
[2026-02-23T08:14:36.114Z] [Auth Debug] Sending response...
[2026-02-23T08:15:04.391Z] [Auth Debug] Login attempt for: cheran.it23@bitsathy.ac.in
[2026-02-23T08:15:04.450Z] [Auth Debug] Admin lookup result: Not Found
[2026-02-23T08:15:04.523Z] [Auth Debug] User lookup result: Found
[2026-02-23T08:15:04.715Z] [Auth Debug] Password matched for: cheran.it23@bitsathy.ac.in
[2026-02-23T08:15:04.720Z] [Auth Debug] Starting gamification logic...
[2026-02-23T08:15:04.820Z] [Auth Debug] Streak updated and saved. AwardXP: false
[2026-02-23T08:15:04.822Z] [Auth Debug] Logging audit...
[2026-02-23T08:15:04.894Z] [Auth Debug] Sending response...
[2026-02-23T08:47:39.878Z] [Auth Debug] Login attempt for: cheran@it23
[2026-02-23T08:47:39.954Z] [Auth Debug] Admin lookup result: Found
[2026-02-23T08:47:40.158Z] [Auth Debug] Password matched for: cheran@it23
[2026-02-23T08:47:40.161Z] [Auth Debug] Starting gamification logic...
[2026-02-23T08:47:40.165Z] [Auth Debug] Skipping gamification for Admin role.
[2026-02-23T08:47:40.171Z] [Auth Debug] Logging audit...
[2026-02-23T08:47:40.263Z] [Auth Debug] Sending response...
[2026-02-23T08:52:29.687Z] [Auth Debug] Login attempt for: naveena.faculty@bitsathy.ac.in
[2026-02-23T08:52:29.798Z] [Auth Debug] Admin lookup result: Not Found
[2026-02-23T08:52:29.856Z] [Auth Debug] User lookup result: Found
[2026-02-23T08:52:30.052Z] [Auth Debug] Password matched for: naveena.faculty@bitsathy.ac.in
[2026-02-23T08:52:30.058Z] [Auth Debug] Starting gamification logic...
[2026-02-23T08:52:30.180Z] [Auth Debug] Streak updated and saved. AwardXP: true
[2026-02-23T08:52:30.333Z] [Auth Debug] Logging audit...
[2026-02-23T08:52:30.434Z] [Auth Debug] Sending response...
[2026-02-23T09:29:50.763Z] [Auth Debug] Login attempt for: cheran@it23
[2026-02-23T09:29:50.872Z] [Auth Debug] Admin lookup result: Found
[2026-02-23T09:29:51.085Z] [Auth Debug] Password matched for: cheran@it23
[2026-02-23T09:29:51.089Z] [Auth Debug] Starting gamification logic...
[2026-02-23T09:29:51.092Z] [Auth Debug] Skipping gamification for Admin role.
[2026-02-23T09:29:51.094Z] [Auth Debug] Logging audit...
[2026-02-23T09:29:51.185Z] [Auth Debug] Sending response...
[2026-02-23T09:48:37.007Z] [Auth Debug] Login attempt for: cheran.it23@bitsathy.ac.in
[2026-02-23T09:48:37.066Z] [Auth Debug] Admin lookup result: Not Found
[2026-02-23T09:48:37.117Z] [Auth Debug] User lookup result: Found
[2026-02-23T09:48:37.380Z] [Auth Debug] Password matched for: cheran.it23@bitsathy.ac.in
[2026-02-23T09:48:37.383Z] [Auth Debug] Starting gamification logic...
[2026-02-23T09:48:37.453Z] [Auth Debug] Streak updated and saved. AwardXP: false
[2026-02-23T09:48:37.458Z] [Auth Debug] Logging audit...
[2026-02-23T09:48:37.534Z] [Auth Debug] Sending response...
[2026-02-24T05:59:06.786Z] [Auth Debug] Login attempt for: cheran@it23
[2026-02-24T05:59:06.885Z] [Auth Debug] Admin lookup result: Found
[2026-02-24T05:59:07.102Z] [Auth Debug] Password matched for: cheran@it23
[2026-02-24T05:59:07.106Z] [Auth Debug] Starting gamification logic...
[2026-02-24T05:59:07.109Z] [Auth Debug] Skipping gamification for Admin role.
[2026-02-24T05:59:07.112Z] [Auth Debug] Logging audit...
[2026-02-24T05:59:07.240Z] [Auth Debug] Sending response...
[2026-02-24T06:00:20.980Z] [Auth Debug] Login attempt for: naveena.faculty@bitsathy.ac.in
[2026-02-24T06:00:21.081Z] [Auth Debug] Admin lookup result: Not Found
[2026-02-24T06:00:21.162Z] [Auth Debug] User lookup result: Found
[2026-02-24T06:00:21.372Z] [Auth Debug] Password matched for: naveena.faculty@bitsathy.ac.in
[2026-02-24T06:00:21.376Z] [Auth Debug] Starting gamification logic...
[2026-02-24T06:00:21.466Z] [Auth Debug] Streak updated and saved. AwardXP: true
[2026-02-24T06:00:21.908Z] [Auth Debug] Logging audit...
[2026-02-24T06:00:22.010Z] [Auth Debug] Sending response...
[2026-02-24T06:03:29.226Z] [Auth Debug] Login attempt for: naveena.faculty@bitsathy.ac.in
[2026-02-24T06:03:29.387Z] [Auth Debug] Admin lookup result: Not Found
[2026-02-24T06:03:29.490Z] [Auth Debug] User lookup result: Found
[2026-02-24T06:03:29.724Z] [Auth Debug] Password matched for: naveena.faculty@bitsathy.ac.in
[2026-02-24T06:03:29.728Z] [Auth Debug] Starting gamification logic...
[2026-02-24T06:03:29.853Z] [Auth Debug] Streak updated and saved. AwardXP: false
[2026-02-24T06:03:29.858Z] [Auth Debug] Logging audit...
[2026-02-24T06:03:30.069Z] [Auth Debug] Sending response...
[2026-02-24T06:06:56.130Z] [Auth Debug] Login attempt for: naveena.faculty@bitsathy.ac.in
[2026-02-24T06:06:56.366Z] [Auth Debug] Admin lookup result: Not Found
[2026-02-24T06:06:56.467Z] [Auth Debug] User lookup result: Found
[2026-02-24T06:06:56.676Z] [Auth Debug] Password matched for: naveena.faculty@bitsathy.ac.in
[2026-02-24T06:06:56.681Z] [Auth Debug] Starting gamification logic...
[2026-02-24T06:06:56.780Z] [Auth Debug] Streak updated and saved. AwardXP: false
[2026-02-24T06:06:56.783Z] [Auth Debug] Logging audit...
[2026-02-24T06:06:56.905Z] [Auth Debug] Sending response...
[2026-02-25T10:18:40.531Z] [Auth Debug] Login attempt for: cheran@it23
[2026-02-25T10:18:40.671Z] [Auth Debug] Admin lookup result: Found
[2026-02-25T10:18:42.111Z] [Auth Debug] Password matched for: cheran@it23
[2026-02-25T10:18:42.138Z] [Auth Debug] Starting gamification logic...
[2026-02-25T10:18:42.160Z] [Auth Debug] Skipping gamification for Admin role.
[2026-02-25T10:18:42.206Z] [Auth Debug] Logging audit...
[2026-02-25T10:18:42.401Z] [Auth Debug] Sending response...
